<?xml version="1.0" encoding="UTF-8"?>
<testsuite name="MainKtTest" tests="3" skipped="0" failures="0" errors="0" timestamp="2021-10-11T12:16:49" hostname="DIESERPC" time="4.248">
  <properties/>
  <testcase name="Test generateAllPossibleNames method()" classname="MainKtTest" time="0.067"/>
  <testcase name="Test fibonacciFlux method()" classname="MainKtTest" time="0.152"/>
  <testcase name="Test getUsernameAndEmail method()" classname="MainKtTest" time="4.027"/>
  <system-out><![CDATA[[ INFO] (Test worker) | onSubscribe([Fuseable] FluxSubscribeOnCallable.CallableSubscribeOnSubscription)
[ INFO] (Test worker) | request(unbounded)
[ INFO] (Test worker) | onSubscribe([Fuseable] FluxSubscribeOnCallable.CallableSubscribeOnSubscription)
[ INFO] (Test worker) | request(unbounded)
[ INFO] (parallel-2) | onNext(user00005@hs-flensburg.de)
[ INFO] (parallel-2) | onComplete()
[ INFO] (parallel-1) | onNext(user00005)
[ INFO] (parallel-1) | onComplete()
]]></system-out>
  <system-err><![CDATA[]]></system-err>
</testsuite>
