<?xml version="1.0" encoding="UTF-8"?>
<testsuite name="MainKtTest" tests="2" skipped="0" failures="0" errors="0" timestamp="2021-10-16T20:07:53" hostname="DIESERPC" time="0.116">
  <properties/>
  <testcase name="Test fibonacciChannel method()" classname="MainKtTest" time="0.103"/>
  <testcase name="Test getUsernameAndEmail method()" classname="MainKtTest" time="0.012"/>
  <system-out><![CDATA[]]></system-out>
  <system-err><![CDATA[]]></system-err>
</testsuite>
